<?xml version="1.0" encoding="UTF-8"?>
<!-- Generated by org.testng.reporters.JUnitReportReporter -->
<testsuite hostname="dlusku20205871" name="sachin.codejam.SearchFlight" tests="5" failures="0" timestamp="5 May 2016 10:49:23 GMT" time="33.783" errors="0">
  <testcase name="validationCheck4" time="2.147" classname="sachin.codejam.SearchFlight"/>
  <testcase name="validationCheck2" time="6.430" classname="sachin.codejam.SearchFlight"/>
  <testcase name="validationCheck3" time="3.032" classname="sachin.codejam.SearchFlight"/>
  <testcase name="flightDetails" time="19.800" classname="sachin.codejam.SearchFlight"/>
  <testcase name="validationCheck1" time="2.374" classname="sachin.codejam.SearchFlight"/>
</testsuite> <!-- sachin.codejam.SearchFlight -->
